\BOOKMARK [0][-]{section*.1}{\376\377\000C\000o\000n\000t\000e\000n\000t\000s}{}% 1
\BOOKMARK [0][-]{section*.2}{\376\377\000L\000i\000s\000t\000\040\000o\000f\000\040\000F\000i\000g\000u\000r\000e\000s}{}% 2
\BOOKMARK [0][-]{section*.3}{\376\377\000L\000i\000s\000t\000\040\000o\000f\000\040\000T\000a\000b\000l\000e\000s}{}% 3
\BOOKMARK [0][-]{chapter.1}{\376\377\000I\000n\000t\000r\000o\000d\000u\000c\000t\000i\000o\000n}{}% 4
\BOOKMARK [1][-]{section.1.1}{\376\377\000Q\000C\000D}{chapter.1}% 5
\BOOKMARK [1][-]{section.1.2}{\376\377\000R\000e\000l\000a\000t\000i\000v\000i\000s\000t\000i\000c\000\040\000H\000e\000a\000v\000y\000\040\000I\000o\000n\000\040\000C\000o\000l\000l\000i\000s\000i\000o\000n\000s}{chapter.1}% 6
\BOOKMARK [1][-]{section.1.3}{\376\377\000T\000h\000e\000\040\000Q\000u\000a\000r\000k\000\040\000G\000l\000u\000o\000n\000\040\000P\000l\000a\000s\000m\000a}{chapter.1}% 7
\BOOKMARK [2][-]{subsection.1.3.1}{\376\377\000F\000l\000o\000w}{section.1.3}% 8
\BOOKMARK [2][-]{subsection.1.3.2}{\376\377\000F\000l\000o\000w\000\040\000i\000n\000\040\000S\000m\000a\000l\000l\000\040\000S\000y\000s\000t\000e\000m\000s}{section.1.3}% 9
\BOOKMARK [2][-]{subsection.1.3.3}{\376\377\000J\000e\000t\000s}{section.1.3}% 10
\BOOKMARK [2][-]{subsection.1.3.4}{\376\377\000N\000u\000c\000l\000e\000a\000r\000\040\000M\000o\000d\000i\000f\000i\000c\000a\000t\000i\000o\000n\000\040\000F\000a\000c\000t\000o\000r}{section.1.3}% 11
\BOOKMARK [1][-]{section.1.4}{\376\377\000F\000r\000a\000g\000m\000e\000n\000t\000a\000t\000i\000o\000n\000\040\000F\000u\000n\000c\000t\000i\000o\000n\000s}{chapter.1}% 12
\BOOKMARK [1][-]{section.1.5}{\376\377\000T\000w\000o\000\040\000P\000a\000r\000t\000i\000c\000l\000e\000\040\000C\000o\000r\000r\000e\000l\000a\000t\000i\000o\000n\000s}{chapter.1}% 13
\BOOKMARK [1][-]{section.1.6}{\376\377\000P\000r\000o\000m\000p\000t\000\040\000P\000h\000o\000t\000o\000n\000s}{chapter.1}% 14
\BOOKMARK [1][-]{section.1.7}{\376\377\000P\000h\000o\000t\000o\000n\000s\000\040\000i\000n\000\040\000H\000e\000a\000v\000y\000\040\000I\000o\000n\000\040\000C\000o\000l\000l\000i\000s\000i\000o\000n\000s}{chapter.1}% 15
\BOOKMARK [2][-]{subsection.1.7.1}{\376\377\000-\000J\000e\000t\000\040\000C\000o\000r\000r\000e\000l\000a\000t\000i\000o\000n\000s}{section.1.7}% 16
\BOOKMARK [2][-]{subsection.1.7.2}{\376\377\000-\000h\000a\000d\000r\000o\000n\000\040\000C\000o\000r\000r\000e\000l\000a\000t\000i\000o\000n\000s}{section.1.7}% 17
\BOOKMARK [1][-]{section.1.8}{\376\377\000c\000o\000l\000d\000\040\000n\000u\000c\000l\000e\000a\000r\000\040\000M\000a\000t\000t\000e\000r\000\040\000E\000f\000f\000e\000c\000t\000s}{chapter.1}% 18
\BOOKMARK [2][-]{subsection.1.8.1}{\376\377\000T\000h\000e\000\040\000N\000u\000c\000l\000e\000a\000r\000\040\000P\000a\000r\000t\000o\000n\000\040\000D\000i\000s\000t\000r\000i\000b\000u\000t\000i\000o\000n\000\040\000F\000u\000n\000c\000t\000i\000o\000n}{section.1.8}% 19
\BOOKMARK [2][-]{subsection.1.8.2}{\376\377\000N\000u\000c\000l\000e\000i\000\040\000a\000n\000d\000\040\000F\000r\000a\000g\000m\000e\000n\000t\000a\000t\000i\000o\000n}{section.1.8}% 20
\BOOKMARK [1][-]{section.1.9}{\376\377\000S\000t\000a\000t\000e\000m\000e\000n\000t\000\040\000o\000f\000\040\000P\000u\000r\000p\000o\000s\000e}{chapter.1}% 21
\BOOKMARK [0][-]{chapter.2}{\376\377\000E\000x\000p\000e\000r\000i\000m\000e\000n\000t\000a\000l\000\040\000A\000p\000p\000a\000r\000a\000t\000u\000s}{}% 22
\BOOKMARK [1][-]{section.2.1}{\376\377\000T\000h\000e\000\040\000L\000a\000r\000g\000e\000\040\000H\000a\000d\000r\000o\000n\000\040\000C\000o\000l\000l\000i\000d\000e\000r}{chapter.2}% 23
\BOOKMARK [1][-]{section.2.2}{\376\377\000A\000\040\000L\000a\000r\000g\000e\000\040\000I\000o\000n\000\040\000C\000o\000l\000l\000i\000d\000e\000r\000\040\000E\000x\000p\000e\000r\000i\000m\000e\000n\000t}{chapter.2}% 24
\BOOKMARK [2][-]{subsection.2.2.1}{\376\377\000I\000n\000n\000e\000r\000\040\000T\000r\000a\000c\000k\000i\000n\000g\000\040\000S\000y\000s\000t\000e\000m}{section.2.2}% 25
\BOOKMARK [2][-]{subsection.2.2.2}{\376\377\000V\0000\000\040\000D\000e\000t\000e\000c\000t\000o\000r}{section.2.2}% 26
\BOOKMARK [2][-]{subsection.2.2.3}{\376\377\000T\000i\000m\000e\000\040\000P\000r\000o\000j\000e\000c\000t\000i\000o\000n\000\040\000C\000h\000a\000m\000b\000e\000r}{section.2.2}% 27
\BOOKMARK [2][-]{subsection.2.2.4}{\376\377\000E\000l\000e\000c\000t\000r\000o\000m\000a\000g\000n\000e\000t\000i\000c\000\040\000C\000a\000l\000o\000r\000i\000m\000e\000t\000e\000r}{section.2.2}% 28
\BOOKMARK [2][-]{subsection.2.2.5}{\376\377\000T\000i\000m\000e\000\040\000o\000f\000\040\000F\000l\000i\000g\000h\000t\000\040\000D\000e\000t\000e\000c\000t\000o\000r}{section.2.2}% 29
\BOOKMARK [1][-]{section.2.3}{\376\377\000C\000e\000n\000t\000r\000a\000l\000\040\000B\000a\000r\000r\000e\000l\000\040\000T\000r\000a\000c\000k\000i\000n\000g}{chapter.2}% 30
\BOOKMARK [1][-]{section.2.4}{\376\377\000T\000r\000i\000g\000g\000e\000r\000i\000n\000g\000\040\000S\000y\000s\000t\000e\000m}{chapter.2}% 31
\BOOKMARK [0][-]{chapter.3}{\376\377\000D\000a\000t\000a\000\040\000A\000n\000a\000y\000s\000i\000s}{}% 32
\BOOKMARK [1][-]{section.3.1}{\376\377\000A\000n\000a\000l\000y\000s\000i\000s\000\040\000S\000u\000m\000m\000a\000r\000y}{chapter.3}% 33
\BOOKMARK [1][-]{section.3.2}{\376\377\000D\000a\000t\000a\000s\000e\000t\000s}{chapter.3}% 34
\BOOKMARK [1][-]{section.3.3}{\376\377\000M\000o\000n\000t\000e\000\040\000C\000a\000r\000l\000o\000\040\000s\000i\000m\000u\000l\000a\000t\000i\000o\000n\000s}{chapter.3}% 35
\BOOKMARK [1][-]{section.3.4}{\376\377\000E\000v\000e\000n\000t\000\040\000S\000e\000l\000e\000c\000t\000i\000o\000n}{chapter.3}% 36
\BOOKMARK [1][-]{section.3.5}{\376\377\000C\000a\000l\000o\000r\000i\000m\000e\000t\000e\000r\000\040\000C\000l\000u\000s\000t\000e\000r\000\040\000R\000e\000c\000o\000n\000s\000t\000r\000u\000c\000t\000i\000o\000n}{chapter.3}% 37
\BOOKMARK [2][-]{subsection.3.5.1}{\376\377\000D\000e\000f\000i\000n\000i\000t\000i\000o\000n}{section.3.5}% 38
\BOOKMARK [2][-]{subsection.3.5.2}{\376\377\000C\000o\000r\000r\000e\000c\000t\000i\000o\000n\000s}{section.3.5}% 39
\BOOKMARK [2][-]{subsection.3.5.3}{\376\377\000S\000e\000l\000e\000c\000t\000i\000o\000n}{section.3.5}% 40
\BOOKMARK [1][-]{section.3.6}{\376\377\000I\000s\000o\000l\000a\000t\000e\000d\000\040\000P\000r\000o\000m\000p\000t\000\040\000P\000h\000o\000t\000o\000n\000\040\000S\000e\000l\000e\000c\000t\000i\000o\000n}{chapter.3}% 41
\BOOKMARK [2][-]{subsection.3.6.1}{\376\377\000S\000h\000o\000w\000e\000r\000\040\000P\000r\000o\000f\000i\000l\000e\000\040\000S\000e\000l\000e\000c\000t\000i\000o\000n}{section.3.6}% 42
\BOOKMARK [2][-]{subsection.3.6.2}{\376\377\000P\000h\000o\000t\000o\000n\000\040\000I\000s\000o\000l\000a\000t\000i\000o\000n\000\040\000R\000e\000q\000u\000i\000r\000e\000m\000e\000n\000t}{section.3.6}% 43
\BOOKMARK [2][-]{subsection.3.6.3}{\376\377\000U\000n\000d\000e\000r\000l\000y\000i\000n\000g\000\040\000E\000v\000e\000n\000t\000\040\000E\000s\000t\000i\000m\000a\000t\000i\000o\000n\000\040\000f\000o\000r\000\040\000P\000h\000o\000t\000o\000n\000\040\000I\000s\000o\000l\000a\000t\000i\000o\000n}{section.3.6}% 44
\BOOKMARK [2][-]{subsection.3.6.4}{\376\377\000U\000E\000\040\000C\000o\000r\000r\000e\000c\000t\000i\000o\000n\000\040\000t\000o\000\040\000I\000s\000o\000l\000a\000t\000i\000o\000n\000\040\000V\000a\000r\000i\000a\000b\000l\000e}{section.3.6}% 45
\BOOKMARK [2][-]{subsection.3.6.5}{\376\377\000R\000e\000m\000a\000i\000n\000i\000n\000g\000\040\000B\000a\000c\000k\000g\000r\000o\000u\000n\000d\000\040\000a\000f\000t\000e\000r\000\040\000P\000h\000o\000t\000o\000n\000\040\000S\000e\000l\000e\000c\000t\000i\000o\000n}{section.3.6}% 46
\BOOKMARK [1][-]{section.3.7}{\376\377\000P\000u\000r\000i\000t\000y}{chapter.3}% 47
\BOOKMARK [2][-]{subsection.3.7.1}{\376\377\000T\000h\000e\000\040\000T\000e\000m\000p\000l\000a\000t\000e\000\040\000F\000i\000t\000\040\000M\000e\000t\000h\000o\000d}{section.3.7}% 48
\BOOKMARK [2][-]{subsection.3.7.2}{\376\377\000S\000i\000g\000n\000a\000l\000\040\000T\000e\000m\000p\000l\000a\000t\000e\000\040\000a\000n\000d\000\040\000B\000a\000c\000k\000g\000r\000o\000u\000n\000d\000\040\000T\000e\000m\000p\000l\000a\000t\000e\000s\000\040}{section.3.7}% 49
\BOOKMARK [2][-]{subsection.3.7.3}{\376\377\000F\000i\000t\000\040\000R\000e\000s\000u\000l\000t\000s}{section.3.7}% 50
\BOOKMARK [1][-]{section.3.8}{\376\377\000C\000h\000a\000r\000g\000e\000d\000\040\000P\000a\000r\000t\000i\000c\000l\000e\000\040\000T\000r\000a\000c\000k\000i\000n\000g}{chapter.3}% 51
\BOOKMARK [2][-]{subsection.3.8.1}{\376\377\000E\000f\000f\000i\000c\000i\000e\000n\000c\000y\000\040\000a\000n\000d\000\040\000F\000a\000k\000e\000\040\000R\000a\000t\000e}{section.3.8}% 52
\BOOKMARK [2][-]{subsection.3.8.2}{\376\377\000R\000e\000s\000o\000l\000u\000t\000i\000o\000n\000,\000\040\000R\000e\000s\000p\000o\000n\000s\000e\000\040\000M\000a\000t\000r\000i\000x\000\040\000a\000n\000d\000\040\000B\000i\000n\000\040\000M\000i\000g\000r\000a\000t\000i\000o\000n}{section.3.8}% 53
\BOOKMARK [2][-]{subsection.3.8.3}{\376\377\000A\000n\000g\000u\000l\000a\000r\000\040\000D\000e\000p\000e\000n\000d\000e\000n\000c\000e\000\040\000o\000f\000\040\000T\000r\000a\000c\000k\000i\000n\000g\000\040\000E\000f\000f\000i\000c\000i\000e\000n\000c\000y}{section.3.8}% 54
\BOOKMARK [1][-]{section.3.9}{\376\377\000P\000h\000o\000t\000o\000n\000\040\000H\000a\000d\000r\000o\000n\000\040\000C\000o\000r\000r\000e\000l\000a\000t\000i\000o\000n\000s}{chapter.3}% 55
\BOOKMARK [2][-]{subsection.3.9.1}{\376\377\000S\000i\000g\000n\000a\000l\000\040\000C\000o\000r\000r\000e\000l\000a\000t\000i\000o\000n\000\040\000F\000u\000n\000c\000t\000i\000o\000n}{section.3.9}% 56
\BOOKMARK [2][-]{subsection.3.9.2}{\376\377\000D\000e\000c\000a\000y\000\040\000P\000h\000o\000t\000o\000n\000\040\000H\000a\000d\000r\000o\000n\000\040\000C\000o\000r\000r\000e\000l\000a\000t\000i\000o\000n\000s}{section.3.9}% 57
\BOOKMARK [2][-]{subsection.3.9.3}{\376\377\000P\000h\000o\000t\000o\000n\000\040\000P\000u\000r\000i\000t\000y\000\040\000W\000e\000i\000g\000h\000t\000i\000n\000g}{section.3.9}% 58
\BOOKMARK [2][-]{subsection.3.9.4}{\376\377\000T\000r\000a\000c\000k\000\040\000E\000f\000f\000i\000c\000i\000e\000n\000c\000y\000,\000\040\000F\000a\000k\000e\000\040\000R\000a\000t\000e\000,\000\040\000a\000n\000d\000\040\000B\000i\000n\000\040\000M\000i\000g\000r\000a\000t\000i\000o\000n\000\040\000W\000e\000i\000g\000h\000t\000s}{section.3.9}% 59
\BOOKMARK [2][-]{subsection.3.9.5}{\376\377\000P\000a\000i\000r\000-\000A\000c\000c\000e\000p\000t\000a\000n\000c\000e\000\040\000C\000o\000r\000r\000e\000c\000t\000i\000o\000n\000\040\000w\000i\000t\000h\000\040\000E\000v\000e\000n\000t\000\040\000M\000i\000x\000i\000n\000g}{section.3.9}% 60
\BOOKMARK [2][-]{subsection.3.9.6}{\376\377\000F\000u\000l\000l\000y\000\040\000C\000o\000r\000r\000e\000c\000t\000e\000d\000\040\000C\000S\000R\000a\000n\000d\000\040\000C\000B\000R}{section.3.9}% 61
\BOOKMARK [2][-]{subsection.3.9.7}{\376\377\000U\000n\000d\000e\000r\000l\000y\000i\000n\000g\000\040\000E\000v\000e\000n\000t\000\040\000E\000s\000t\000i\000m\000a\000t\000i\000o\000n}{section.3.9}% 62
\BOOKMARK [0][-]{chapter.4}{\376\377\000F\000i\000r\000s\000t\000\040\000P\000h\000o\000t\000o\000n\000-\000T\000a\000g\000g\000e\000d\000\040\000F\000r\000a\000g\000m\000e\000n\000t\000a\000t\000i\000o\000n\000\040\000R\000e\000s\000u\000l\000t\000s\000\040\000i\000n\000\040\000p\040\023\000P\000b}{}% 63
\BOOKMARK [1][-]{subsection.4.0.1}{\376\377\000F\000u\000l\000l\000y\000\040\000S\000u\000b\000t\000r\000a\000c\000t\000e\000d\000\040\000C\000o\000r\000r\000e\000l\000a\000t\000i\000o\000n\000\040\000F\000u\000n\000c\000t\000i\000o\000n\000s}{chapter.4}% 64
\BOOKMARK [1][-]{section.4.1}{\376\377\000P\000a\000r\000t\000o\000n\000\040\000F\000r\000a\000g\000m\000e\000n\000t\000a\000t\000i\000o\000n\000\040\000F\000u\000n\000c\000t\000i\000o\000n}{chapter.4}% 65
\BOOKMARK [0][-]{chapter.5}{\376\377\000D\000i\000s\000c\000u\000s\000s\000i\000o\000n}{}% 66
\BOOKMARK [1][-]{subsection.5.0.1}{\376\377\000I\000n\000t\000e\000g\000r\000a\000t\000e\000d\000\040\000S\000t\000a\000t\000i\000s\000t\000i\000c\000a\000l\000\040\000U\000n\000c\000e\000r\000t\000a\000i\000n\000t\000y\000\040\000o\000n\000\040\000F\000r\000a\000g\000m\000e\000n\000t\000a\000t\000i\000o\000n\000\040\000F\000u\000n\000c\000t\000i\000o\000n\000\040\000R\000a\000t\000i\000o}{chapter.5}% 67
\BOOKMARK [1][-]{section.5.1}{\376\377\000K\000i\000n\000e\000m\000a\000t\000i\000c\000\040\000R\000a\000n\000g\000e\000\040\000P\000r\000o\000b\000e\000d}{chapter.5}% 68
\BOOKMARK [2][-]{subsection.5.1.1}{\376\377\000I\000n\000s\000e\000n\000s\000i\000t\000i\000v\000i\000t\000y\000\040\000t\000o\000\040\000P\000a\000r\000t\000o\000n\000\040\000D\000i\000s\000t\000r\000i\000b\000u\000t\000i\000o\000n\000\040\000F\000u\000n\000c\000t\000i\000o\000n}{section.5.1}% 69
\BOOKMARK [1][-]{section.5.2}{\376\377\000C\000o\000m\000p\000a\000r\000i\000s\000o\000n\000\040\000t\000o\000\040\000T\000h\000e\000o\000r\000y}{chapter.5}% 70
\BOOKMARK [0][-]{chapter.6}{\376\377\000C\000h\000e\000c\000k\000s\000\040\000a\000n\000d\000\040\000S\000y\000s\000t\000e\000m\000a\000t\000i\000c\000s}{}% 71
\BOOKMARK [1][-]{section.6.1}{\376\377\000S\000u\000m\000m\000a\000r\000y\000\040\000o\000f\000\040\000S\000y\000s\000t\000e\000m\000a\000t\000i\000c\000\040\000U\000n\000c\000e\000r\000t\000a\000i\000n\000t\000i\000e\000s}{chapter.6}% 72
\BOOKMARK [1][-]{section.6.2}{\376\377\000E\000v\000e\000n\000t\000\040\000M\000i\000x\000i\000n\000g}{chapter.6}% 73
\BOOKMARK [2][-]{subsection.6.2.1}{\376\377\000T\000o\000y\000\040\000M\000o\000n\000t\000e\000\040\000C\000a\000r\000l\000o\000\040\000f\000o\000r\000\040\000V\000a\000l\000i\000d\000a\000t\000i\000n\000g\000\040\000E\000v\000e\000n\000t\000\040\000M\000i\000x\000i\000n\000g}{section.6.2}% 74
\BOOKMARK [2][-]{subsection.6.2.2}{\376\377\000B\000i\000n\000n\000e\000d\000\040\000E\000v\000e\000n\000t\000\040\000M\000i\000x\000i\000n\000g}{section.6.2}% 75
\BOOKMARK [1][-]{section.6.3}{\376\377\000U\000n\000d\000e\000r\000l\000y\000i\000n\000g\000\040\000E\000v\000e\000n\000t\000\040\000E\000s\000t\000i\000m\000a\000t\000i\000o\000n}{chapter.6}% 76
\BOOKMARK [2][-]{subsection.6.3.1}{\376\377\000L\000a\000r\000g\000e\000\040\000\040\000C\000h\000e\000c\000k}{section.6.3}% 77
\BOOKMARK [2][-]{subsection.6.3.2}{\376\377\000C\000h\000e\000c\000k\000s\000\040\000o\000n\000\040\000U\000E\000\040\000E\000s\000t\000i\000m\000a\000t\000e\000\040\000w\000i\000t\000h\000\040\000S\000t\000a\000n\000d\000a\000r\000d\000\040\000A\000L\000I\000C\000E\000\040\000T\000r\000a\000c\000k\000i\000n\000g}{section.6.3}% 78
\BOOKMARK [1][-]{section.6.4}{\376\377\000P\000u\000r\000i\000t\000y}{chapter.6}% 79
\BOOKMARK [2][-]{subsection.6.4.1}{\376\377\000S\000y\000s\000t\000e\000m\000a\000t\000i\000c\000\040\000U\000n\000c\000e\000r\000t\000a\000i\000n\000t\000i\000e\000s\000\040\000o\000f\000\040\000t\000h\000e\000\040\000P\000u\000r\000i\000t\000y\000\040\000M\000e\000a\000s\000u\000r\000e\000m\000e\000n\000t}{section.6.4}% 80
\BOOKMARK [2][-]{subsection.6.4.2}{\376\377\000S\000i\000g\000n\000a\000l\000\040\000T\000e\000m\000p\000l\000a\000t\000e}{section.6.4}% 81
\BOOKMARK [2][-]{subsection.6.4.3}{\376\377\000S\000i\000d\000e\000b\000a\000n\000d\000\040\000v\000a\000r\000i\000a\000t\000i\000o\000n\000\040\000i\000n\000\040\000t\000h\000e\000\040\000b\000a\000c\000k\000g\000r\000o\000u\000n\000d\000\040\000t\000e\000m\000p\000l\000a\000t\000e}{section.6.4}% 82
\BOOKMARK [2][-]{subsection.6.4.4}{\376\377\000B\000a\000c\000k\000g\000r\000o\000u\000n\000d\000\040\000t\000e\000m\000p\000l\000a\000t\000e\000\040\000c\000o\000r\000r\000e\000c\000t\000i\000o\000n}{section.6.4}% 83
\BOOKMARK [2][-]{subsection.6.4.5}{\376\377\000S\000u\000m\000m\000a\000r\000y\000\040\000o\000f\000\040\000S\000y\000s\000t\000e\000m\000a\000t\000i\000c\000\040\000U\000n\000c\000e\000r\000t\000a\000i\000n\000t\000i\000e\000s\000\040\000o\000n\000\040\000P\000u\000r\000i\000t\000y\000\040\000M\000e\000a\000s\000u\000r\000e\000m\000e\000n\000t}{section.6.4}% 84
\BOOKMARK [1][-]{section.6.5}{\376\377\000T\000r\000a\000c\000k\000i\000n\000g}{chapter.6}% 85
\BOOKMARK [2][-]{subsection.6.5.1}{\376\377\000C\000o\000m\000p\000a\000r\000i\000s\000o\000n\000\040\000t\000o\000\040\000P\000u\000b\000l\000i\000s\000h\000e\000d\000\040\000D\000a\000t\000a}{section.6.5}% 86
\BOOKMARK [2][-]{subsection.6.5.2}{\376\377\000V\000a\000l\000i\000d\000a\000t\000i\000o\000n\000\040\000o\000f\000\040\000-\000d\000e\000p\000e\000n\000d\000e\000n\000c\000e\000\040\000o\000f\000\040\000e\000f\000f\000i\000c\000i\000e\000n\000c\000y}{section.6.5}% 87
\BOOKMARK [2][-]{subsection.6.5.3}{\376\377\000H\000y\000b\000r\000i\000d\000\040\000t\000r\000a\000c\000k\000i\000n\000g\000\040\000o\000n\000\040\000i\000s\000o\000l\000a\000t\000i\000o\000n\000\040\000c\000h\000e\000c\000k}{section.6.5}% 88
\BOOKMARK [2][-]{subsection.6.5.4}{\376\377\000S\000u\000m\000m\000a\000r\000y\000\040\000o\000f\000\040\000t\000h\000e\000\040\000I\000T\000S\000-\000o\000n\000l\000y\000\040\000T\000r\000a\000c\000k\000i\000n\000g\000\040\000P\000e\000r\000f\000o\000r\000m\000a\000n\000c\000e\000\040\000S\000t\000u\000d\000i\000e\000s}{section.6.5}% 89
\BOOKMARK [1][-]{section.6.6}{\376\377\000N\000e\000u\000t\000r\000a\000l\000\040\000E\000n\000e\000r\000g\000y\000\040\000i\000n\000\040\000I\000s\000o\000l\000a\000t\000i\000o\000n\000\040\000V\000a\000r\000i\000a\000b\000l\000e}{chapter.6}% 90
\BOOKMARK [1][-]{section.6.7}{\376\377\000I\000m\000p\000a\000c\000t\000\040\000o\000f\000\040\000A\000c\000c\000e\000p\000t\000a\000n\000c\000e\000\040\000D\000i\000f\000f\000e\000r\000e\000n\000c\000e\000\040\000B\000e\000t\000w\000e\000e\000n\000\040\000p\000p\000\040\000a\000n\000d\000\040\000p\040\023\000P\000b\000\040\000d\000u\000e\000\040\000t\000o\000\040\000B\000o\000o\000s\000t}{chapter.6}% 91
\BOOKMARK [1][-]{section.6.8}{\376\377\000I\000s\000o\000l\000a\000t\000e\000d\000-\000p\000h\000o\000t\000o\000n\000\040\000E\000f\000f\000i\000c\000i\000e\000n\000c\000y}{chapter.6}% 92
\BOOKMARK [1][-]{section.6.9}{\376\377\000C\000o\000m\000p\000a\000r\000i\000s\000o\000n\000\040\000t\000o\000\040\000A\000B\000C\000D\000\040\000m\000e\000t\000h\000o\000d\000\040\000r\000e\000s\000u\000l\000t\000s}{chapter.6}% 93
\BOOKMARK [1][-]{section.6.10}{\376\377\000C\000h\000e\000c\000k\000\040\000b\000y\000\040\000s\000p\000l\000i\000t\000t\000i\000n\000g\000\040\000c\000l\000u\000s\000t\000e\000r\000s\000\040\000i\000n\000\040\000|\000|\000<\0000\000.\0004\000\040\000a\000n\000d\000\040\0000\000.\0004\000<\000|\000|\000<\0000\000.\0006\0007\000\040}{chapter.6}% 94
\BOOKMARK [1][-]{section.6.11}{\376\377\000C\000l\000u\000s\000t\000e\000r\000\040\000S\000e\000l\000e\000c\000t\000i\000o\000n\000\040\000V\000a\000r\000i\000a\000t\000i\000o\000n\000s}{chapter.6}% 95
\BOOKMARK [1][-]{section.6.12}{\376\377\000M\000C\000-\000b\000a\000s\000e\000d\000\040\000c\000o\000r\000r\000e\000c\000t\000i\000o\000n\000\040\000f\000o\000r\000\040\000b\000a\000c\000k\000g\000r\000o\000u\000n\000d\000\040\000t\000e\000m\000p\000l\000a\000t\000e}{chapter.6}% 96
\BOOKMARK [1][-]{section.6.13}{\376\377\000C\000h\000e\000c\000k\000s\000\040\000o\000n\000\040\000E\000r\000r\000o\000r\000\040\000F\000u\000n\000c\000t\000i\000o\000n\000\040\000F\000i\000t\000s\000\040\000t\000o\000\040\000P\000u\000r\000i\000t\000y}{chapter.6}% 97
\BOOKMARK [1][-]{section.6.14}{\376\377\000S\000m\000e\000a\000r\000i\000n\000g\000\040\000s\000i\000g\000n\000a\000l\000\040\000t\000e\000m\000p\000l\000a\000t\000e}{chapter.6}% 98
\BOOKMARK [1][-]{section.6.15}{\376\377\000C\000h\000e\000c\000k\000i\000n\000g\000\040\000s\000e\000n\000s\000i\000t\000i\000v\000i\000t\000y\000\040\000t\000o\000\040\000\040\000b\000i\000n\000n\000i\000n\000g\000\040}{chapter.6}% 99
\BOOKMARK [1][-]{section.6.16}{\376\377\000C\000h\000e\000c\000k\000i\000n\000g\000\040\000S\000e\000n\000s\000i\000t\000i\000v\000i\000t\000y\000\040\000t\000o\000\040\000B\000e\000a\000m\000\040\000F\000l\000i\000p}{chapter.6}% 100
\BOOKMARK [1][-]{section.6.17}{\376\377\000C\000o\000r\000r\000e\000l\000a\000t\000i\000o\000n\000s\000\040\000i\000n\000c\000l\000u\000d\000i\000n\000g\000\040\000=\0000\000\040}{chapter.6}% 101
\BOOKMARK [1][-]{section.6.18}{\376\377\000C\000o\000m\000p\000a\000r\000i\000n\000g\000\040\000I\000T\000S\000\040\000o\000n\000l\000y\000\040\000t\000r\000a\000c\000k\000i\000n\000g\000\040\000t\000o\000\040\000I\000T\000S\000+\000T\000P\000C\000\040\000T\000r\000a\000c\000k\000i\000n\000g}{chapter.6}% 102
\BOOKMARK [1][-]{section.6.19}{\376\377\000C\000h\000e\000c\000k\000i\000n\000g\000\040\000s\000e\000n\000s\000i\000t\000i\000v\000i\000t\000y\000\040\000t\000o\000\040\000z\000T\000\040\000b\000i\000n\000n\000i\000n\000g}{chapter.6}% 103
\BOOKMARK [1][-]{section.6.20}{\376\377\000C\000h\000e\000c\000k\000i\000n\000g\000\040\000s\000e\000n\000s\000i\000t\000i\000v\000i\000t\000y\000\040\000t\000o\000\040\000p\000i\000l\000e\000\040\000u\000p\000\040\000c\000u\000t\000\040\000i\000n\000\040\000p\000p}{chapter.6}% 104
\BOOKMARK [1][-]{section.6.21}{\376\377\000C\000h\000e\000c\000k\000i\000n\000g\000\040\000M\000a\000x\000i\000m\000u\000m\000\040\000T\000r\000a\000c\000k\000\040\000p\000T\000\040\000C\000u\000t}{chapter.6}% 105
\BOOKMARK [1][-]{section.6.22}{\376\377\000S\000e\000n\000s\000i\000t\000i\000v\000i\000t\000y\000\040\000t\000o\000\040\0002\000/\000I\000T\000S\000c\000l\000u\000s\000\040\000i\000n\000\040\000p\000-\000P\000b}{chapter.6}% 106
\BOOKMARK [0][-]{chapter.7}{\376\377\000T\000h\000e\000\040\000E\000l\000e\000c\000t\000r\000o\000n\000\040\000I\000o\000n\000\040\000C\000o\000l\000l\000i\000d\000e\000r}{}% 107
\BOOKMARK [1][-]{section.7.1}{\376\377\000A\000l\000l\000-\000S\000i\000l\000i\000c\000o\000n\000\040\000T\000r\000a\000c\000k\000e\000r\000\040\000C\000o\000n\000c\000e\000p\000t\000\040\000D\000e\000s\000i\000g\000n}{chapter.7}% 108
\BOOKMARK [1][-]{section.7.2}{\376\377\000J\000e\000t\000\040\000P\000h\000y\000s\000i\000c\000s\000\040\000a\000t\000\040\000t\000h\000e\000\040\000E\000I\000C}{chapter.7}% 109
\BOOKMARK [1][-]{section.7.3}{\376\377\000C\000h\000a\000r\000g\000e\000d\000\040\000J\000e\000t\000\040\000R\000e\000c\000o\000n\000s\000t\000r\000u\000c\000t\000i\000o\000n\000\040\000P\000e\000r\000f\000o\000r\000m\000a\000n\000c\000e}{chapter.7}% 110
\BOOKMARK [1][-]{section.7.4}{\376\377\000C\000h\000a\000r\000g\000e\000d\000\040\000J\000e\000t\000\040\000O\000b\000s\000e\000r\000v\000a\000b\000l\000e\000s\000\040\000a\000t\000\040\000t\000h\000e\000\040\000E\000I\000C}{chapter.7}% 111
\BOOKMARK [0][-]{chapter.8}{\376\377\000C\000o\000n\000c\000l\000u\000s\000i\000o\000n\000s}{}% 112
\BOOKMARK [0][-]{section*.5}{\376\377\000B\000i\000b\000l\000i\000o\000g\000r\000a\000p\000h\000y}{}% 113
