\BOOKMARK [0][-]{section*.1}{Contents}{}% 1
\BOOKMARK [0][-]{section*.2}{List of Figures}{}% 2
\BOOKMARK [0][-]{section*.3}{List of Tables}{}% 3
\BOOKMARK [0][-]{chapter.1}{Experimental Apparatus}{}% 4
\BOOKMARK [0][-]{chapter.2}{Data Anaysis}{}% 5
\BOOKMARK [1][-]{section.2.1}{Isolated Prompt Photons and Purity}{chapter.2}% 6
\BOOKMARK [2][-]{subsection.2.1.1}{Photon Sources}{section.2.1}% 7
\BOOKMARK [2][-]{subsection.2.1.2}{Photon Isolation Requirement}{section.2.1}% 8
\BOOKMARK [2][-]{subsection.2.1.3}{Underlying Event Estimation for Photon Isolation}{section.2.1}% 9
\BOOKMARK [2][-]{subsection.2.1.4}{UE Correction to Isolation Variable}{section.2.1}% 10
\BOOKMARK [2][-]{subsection.2.1.5}{Electromagnetic Shower Profile Selection}{section.2.1}% 11
\BOOKMARK [1][-]{section.2.2}{Purity}{chapter.2}% 12
\BOOKMARK [1][-]{section.2.3}{Particle Selection}{chapter.2}% 13
\BOOKMARK [2][-]{subsection.2.3.1}{Photon Selection}{section.2.3}% 14
\BOOKMARK [2][-]{subsection.2.3.2}{Charged Hadron Selection}{section.2.3}% 15
\BOOKMARK [1][-]{section.2.4}{Photon Hadron Correlations}{chapter.2}% 16
\BOOKMARK [2][-]{subsection.2.4.1}{Photon Purity Weighting}{section.2.4}% 17
\BOOKMARK [2][-]{subsection.2.4.2}{Pair Acceptance Corrections}{section.2.4}% 18
\BOOKMARK [2][-]{subsection.2.4.3}{Decay Photon Hadron Correlation Subtraction}{section.2.4}% 19
\BOOKMARK [2][-]{subsection.2.4.4}{Underlying Event Subtraction}{section.2.4}% 20
\BOOKMARK [2][-]{subsection.2.4.5}{ Assymetry in p\205Pb}{section.2.4}% 21
\BOOKMARK [1][-]{section.2.5}{Parton Fragmentation Function}{chapter.2}% 22
\BOOKMARK [2][-]{subsection.2.5.1}{p\205Pb to pp ratio}{section.2.5}% 23
\BOOKMARK [2][-]{subsection.2.5.2}{Integration Window}{section.2.5}% 24
\BOOKMARK [0][-]{chapter.3}{Checks and Systematics}{}% 25
\BOOKMARK [1][-]{section.3.1}{Event Mixing}{chapter.3}% 26
\BOOKMARK [2][-]{subsection.3.1.1}{Binned Event Mixing}{section.3.1}% 27
\BOOKMARK [2][-]{subsection.3.1.2}{Toy Monte Carlo Acceptance Check}{section.3.1}% 28
\BOOKMARK [2][-]{subsection.3.1.3}{Hybrid Tracking Comparison}{section.3.1}% 29
\BOOKMARK [1][-]{section.3.2}{Purity}{chapter.3}% 30
\BOOKMARK [2][-]{subsection.3.2.1}{Isolation and Shower shape correlation}{section.3.2}% 31
\BOOKMARK [2][-]{subsection.3.2.2}{EMCal Acceptance Variation}{section.3.2}% 32
\BOOKMARK [2][-]{subsection.3.2.3}{Purity variation \(Last minute IRC check\)}{section.3.2}% 33
\BOOKMARK [2][-]{subsection.3.2.4}{Check on Isolation Criterium within EMCal Acceptance}{section.3.2}% 34
\BOOKMARK [1][-]{section.3.3}{Tracking}{chapter.3}% 35
\BOOKMARK [2][-]{subsection.3.3.1}{Comparison to published data}{section.3.3}% 36
\BOOKMARK [2][-]{subsection.3.3.2}{Hybrid tracking on isolation check}{section.3.3}% 37
\BOOKMARK [1][-]{section.3.4}{Summary of Systematic Uncertainties}{chapter.3}% 38
